***********************************************************************
*
*	CODE GENERATION LISTING FOR: actividad.3
*	COMPILER VERSION: 5.10.0.9
*
***********************************************************************

***********************************************************************
UNUSED FUNCTIONS:

	DEAD_BAND
	SGN
***********************************************************************

***********************************************************************
UNUSED FUNCTION BLOCKS:

	CTUD_UDINT
	CTUD_DINT
	CTUD
	CTU_UDINT
	CTU
	CTU_DINT
	CTD_UDINT
	CTD_DINT
	CTD
	R_TRIG
	F_TRIG
	SR
	RS
	TP
	TON
	TOF
	FT_DERIV
	FT_INT
	FT_PID
***********************************************************************

**************************************************
	List program: MAIN
**************************************************

PROGRAM MAIN

END_PROGRAM

35000090  E24DD008		sub sp, sp, #8
35000094  E58DE000		str lr, [sp]
35000098  E92D0FF0		stmdb sp!, { r4, r5, r6, r7, r8, r9, r10, r11 }

#0		{SRC:MAIN}
#1		(*$WAITSWITCH$*)
#2		
#3			(* CNT := CNT + 1; *)
#4			LD		CNT	{LNXT:2|2|-1}
(*) UNDEF
3500009C  E59FB010		ldr r11, [pc, #+16] ; 0x3100000C
350000A0  E1DB00F0		ldrsh r0, [r11]

#5			ADD		1	{LNXT:2|2|-1}
(*) INT
350000A4  E2800001		add r0, r0, #1

#6			ST		CNT	{LNXT:2|2|-1}
(*) INT
350000A8  E59FB004		ldr r11, [pc, #+4] ; 0x3100000C
350000AC  E1CB00B0		strh r0, [r11]

350000B0  EA000000		b #0

350000B4  3100000C		; 0x3100000C

END_PROGRAM
**************************************************
	List program: ACTIVIDAD3
**************************************************

PROGRAM ACTIVIDAD3

        VAR
I1 AT %IX0.0 : BOOL;
I2 AT %IX0.1 : BOOL;
I3 AT %IX0.2 : BOOL;
I4 AT %IX0.3 : BOOL;
I5 AT %IX0.4 : BOOL;
I6 AT %IX0.5 : BOOL;
Q1 AT %QX0.0 : BOOL;
Q2 AT %QX0.1 : BOOL;
Q3 AT %QX0.2 : BOOL;
Q4 AT %QX0.3 : BOOL;
MT00 : BOOL;
MT01 : BOOL;
MT02 : BOOL;
MT03 : BOOL;
MT04 : BOOL;
MT05 : BOOL;
MT06 : BOOL;
MT07 : BOOL;
MT10 : BOOL;
MT11 : BOOL;
MT12 : BOOL;
MT13 : BOOL;
MT14 : BOOL;
MT15 : BOOL;
MT16 : BOOL;
ME00 : BOOL;
ME01 : BOOL;
ME02 : BOOL;
ME03 : BOOL;
ME04 : BOOL;
ME05 : BOOL;
ME06 : BOOL;
ME07 : BOOL;
ME10 : BOOL;
ME11 : BOOL;
ME12 : BOOL;
	END_VAR

END_PROGRAM

#0			{SRC:ACTIVIDAD3}
#1		 
#2		  
#3			(* Network 1 *)
#4			LDN		I1 {R:1$0}
(*) UNDEF
350000B8  E59FB804		ldr r11, [pc, #+2052] ; 0xAFD18
350000BC  E5DB0000		ldrb r0, [r11]
350000C0  E3500000		cmp r0, #0
350000C4  03A00001		eqmov r0, #1
350000C8  13A00000		nemov r0, #0

#5			ORN		I2 {R:1$6}
(*) BOOL
350000CC  E59FB7F4		ldr r11, [pc, #+2036] ; 0xAFD19
350000D0  E5DBB000		ldrb r11, [r11]
350000D4  E35B0000		cmp r11, #0
350000D8  03A0B001		eqmov r11, #1
350000DC  13A0B000		nemov r11, #0
350000E0  E180000B		orr r0, r0, r11

#6			ORN		I6 {R:1$8}
(*) BOOL
350000E4  E59FB7EC		ldr r11, [pc, #+2028] ; 0xAFD1D
350000E8  E5DBB000		ldrb r11, [r11]
350000EC  E35B0000		cmp r11, #0
350000F0  03A0B001		eqmov r11, #1
350000F4  13A0B000		nemov r11, #0
350000F8  E180000B		orr r0, r0, r11

#7			ANDN		ME00 {R:1$5}
(*) BOOL
350000FC  E59FB7D8		ldr r11, [pc, #+2008] ; 0x3100000E
35000100  E5DBB000		ldrb r11, [r11]
35000104  E35B0000		cmp r11, #0
35000108  03A0B001		eqmov r11, #1
3500010C  13A0B000		nemov r11, #0
35000110  E000000B		and r0, r0, r11

#8			ST		MT00 {R:1$1}
(*) BOOL
35000114  E59FB7C4		ldr r11, [pc, #+1988] ; 0x3100000F
35000118  E5CB0000		strb r0, [r11]

#9		 
#10			(* Network 2 *)
#11			LD		I1 {R:2$10}
(*) UNDEF
3500011C  E59FB7A0		ldr r11, [pc, #+1952] ; 0xAFD18
35000120  E5DB0000		ldrb r0, [r11]

#12			OR		I2 {R:2$2}
(*) BOOL
35000124  E59FB79C		ldr r11, [pc, #+1948] ; 0xAFD19
35000128  E5DBB000		ldrb r11, [r11]
3500012C  E180000B		orr r0, r0, r11

#13			AND		ME01 {R:2$8}
(*) BOOL
35000130  E59FB7AC		ldr r11, [pc, #+1964] ; 0x31000010
35000134  E5DBB000		ldrb r11, [r11]
35000138  E000000B		and r0, r0, r11

#14			ANDN		MT02 {R:2$12}
(*) BOOL
3500013C  E59FB7A4		ldr r11, [pc, #+1956] ; 0x31000011
35000140  E5DBB000		ldrb r11, [r11]
35000144  E35B0000		cmp r11, #0
35000148  03A0B001		eqmov r11, #1
3500014C  13A0B000		nemov r11, #0
35000150  E000000B		and r0, r0, r11

#15			ST		MT01 {R:2$1}
(*) BOOL
35000154  E59FB790		ldr r11, [pc, #+1936] ; 0x31000012
35000158  E5CB0000		strb r0, [r11]

#16		 
#17			(* Network 3 *)
#18			LD		I6 {R:3$10}
(*) UNDEF
3500015C  E59FB774		ldr r11, [pc, #+1908] ; 0xAFD1D
35000160  E5DB0000		ldrb r0, [r11]

#19			AND		ME01 {R:3$8}
(*) BOOL
35000164  E59FB778		ldr r11, [pc, #+1912] ; 0x31000010
35000168  E5DBB000		ldrb r11, [r11]
3500016C  E000000B		and r0, r0, r11

#20			ANDN		MT01 {R:3$12}
(*) BOOL
35000170  E59FB774		ldr r11, [pc, #+1908] ; 0x31000012
35000174  E5DBB000		ldrb r11, [r11]
35000178  E35B0000		cmp r11, #0
3500017C  03A0B001		eqmov r11, #1
35000180  13A0B000		nemov r11, #0
35000184  E000000B		and r0, r0, r11

#21			ST		MT02 {R:3$1}
(*) BOOL
35000188  E59FB758		ldr r11, [pc, #+1880] ; 0x31000011
3500018C  E5CB0000		strb r0, [r11]

#22		 
#23			(* Network 4 *)
#24			LD		I1 {R:4$8}
(*) UNDEF
35000190  E59FB72C		ldr r11, [pc, #+1836] ; 0xAFD18
35000194  E5DB0000		ldrb r0, [r11]

#25			OR		I2 {R:4$4}
(*) BOOL
35000198  E59FB728		ldr r11, [pc, #+1832] ; 0xAFD19
3500019C  E5DBB000		ldrb r11, [r11]
350001A0  E180000B		orr r0, r0, r11

#26			AND		ME02 {R:4$6}
(*) BOOL
350001A4  E59FB744		ldr r11, [pc, #+1860] ; 0x31000013
350001A8  E5DBB000		ldrb r11, [r11]
350001AC  E000000B		and r0, r0, r11

#27			ST		MT03 {R:4$1}
(*) BOOL
350001B0  E59FB73C		ldr r11, [pc, #+1852] ; 0x31000014
350001B4  E5CB0000		strb r0, [r11]

#28		 
#29			(* Network 5 *)
#30			LD		I1 {R:5$8}
(*) UNDEF
350001B8  E59FB704		ldr r11, [pc, #+1796] ; 0xAFD18
350001BC  E5DB0000		ldrb r0, [r11]

#31			OR		I2 {R:5$4}
(*) BOOL
350001C0  E59FB700		ldr r11, [pc, #+1792] ; 0xAFD19
350001C4  E5DBB000		ldrb r11, [r11]
350001C8  E180000B		orr r0, r0, r11

#32			AND		ME03 {R:5$6}
(*) BOOL
350001CC  E59FB724		ldr r11, [pc, #+1828] ; 0x31000015
350001D0  E5DBB000		ldrb r11, [r11]
350001D4  E000000B		and r0, r0, r11

#33			ST		MT04 {R:5$1}
(*) BOOL
350001D8  E59FB71C		ldr r11, [pc, #+1820] ; 0x31000016
350001DC  E5CB0000		strb r0, [r11]

#34		 
#35			(* Network 6 *)
#36			LD		I1 {R:6$8}
(*) UNDEF
350001E0  E59FB6DC		ldr r11, [pc, #+1756] ; 0xAFD18
350001E4  E5DB0000		ldrb r0, [r11]

#37			OR		I2 {R:6$4}
(*) BOOL
350001E8  E59FB6D8		ldr r11, [pc, #+1752] ; 0xAFD19
350001EC  E5DBB000		ldrb r11, [r11]
350001F0  E180000B		orr r0, r0, r11

#38			AND		I4 {R:6$6}
(*) BOOL
350001F4  E59FB6D4		ldr r11, [pc, #+1748] ; 0xAFD1B
350001F8  E5DBB000		ldrb r11, [r11]
350001FC  E000000B		and r0, r0, r11

#39			AND		ME04 {R:6$10}
(*) BOOL
35000200  E59FB6F8		ldr r11, [pc, #+1784] ; 0x31000017
35000204  E5DBB000		ldrb r11, [r11]
35000208  E000000B		and r0, r0, r11

#40			ANDN		MT12 {R:6$11}
(*) BOOL
3500020C  E59FB6F0		ldr r11, [pc, #+1776] ; 0x31000018
35000210  E5DBB000		ldrb r11, [r11]
35000214  E35B0000		cmp r11, #0
35000218  03A0B001		eqmov r11, #1
3500021C  13A0B000		nemov r11, #0
35000220  E000000B		and r0, r0, r11

#41			ST		MT05 {R:6$1}
(*) BOOL
35000224  E59FB6DC		ldr r11, [pc, #+1756] ; 0x31000019
35000228  E5CB0000		strb r0, [r11]

#42		 
#43			(* Network 7 *)
#44			LD		I3 {R:7$8}
(*) UNDEF
3500022C  E59FB698		ldr r11, [pc, #+1688] ; 0xAFD1A
35000230  E5DB0000		ldrb r0, [r11]

#45			AND		ME05 {R:7$6}
(*) BOOL
35000234  E59FB6D0		ldr r11, [pc, #+1744] ; 0x3100001A
35000238  E5DBB000		ldrb r11, [r11]
3500023C  E000000B		and r0, r0, r11

#46			ANDN		MT07 {R:7$10}
(*) BOOL
35000240  E59FB6C8		ldr r11, [pc, #+1736] ; 0x3100001B
35000244  E5DBB000		ldrb r11, [r11]
35000248  E35B0000		cmp r11, #0
3500024C  03A0B001		eqmov r11, #1
35000250  13A0B000		nemov r11, #0
35000254  E000000B		and r0, r0, r11

#47			ST		MT06 {R:7$1}
(*) BOOL
35000258  E59FB6B4		ldr r11, [pc, #+1716] ; 0x3100001C
3500025C  E5CB0000		strb r0, [r11]

#48		 
#49			(* Network 8 *)
#50			LD		I5 {R:8$8}
(*) UNDEF
35000260  E59FB66C		ldr r11, [pc, #+1644] ; 0xAFD1C
35000264  E5DB0000		ldrb r0, [r11]

#51			AND		ME05 {R:8$6}
(*) BOOL
35000268  E59FB69C		ldr r11, [pc, #+1692] ; 0x3100001A
3500026C  E5DBB000		ldrb r11, [r11]
35000270  E000000B		and r0, r0, r11

#52			ANDN		MT06 {R:8$10}
(*) BOOL
35000274  E59FB698		ldr r11, [pc, #+1688] ; 0x3100001C
35000278  E5DBB000		ldrb r11, [r11]
3500027C  E35B0000		cmp r11, #0
35000280  03A0B001		eqmov r11, #1
35000284  13A0B000		nemov r11, #0
35000288  E000000B		and r0, r0, r11

#53			ST		MT07 {R:8$1}
(*) BOOL
3500028C  E59FB67C		ldr r11, [pc, #+1660] ; 0x3100001B
35000290  E5CB0000		strb r0, [r11]

#54		 
#55			(* Network 9 *)
#56			LD		I1 {R:9$8}
(*) UNDEF
35000294  E59FB628		ldr r11, [pc, #+1576] ; 0xAFD18
35000298  E5DB0000		ldrb r0, [r11]

#57			OR		I2 {R:9$4}
(*) BOOL
3500029C  E59FB624		ldr r11, [pc, #+1572] ; 0xAFD19
350002A0  E5DBB000		ldrb r11, [r11]
350002A4  E180000B		orr r0, r0, r11

#58			ANDN		I5 {R:9$6}
(*) BOOL
350002A8  E59FB624		ldr r11, [pc, #+1572] ; 0xAFD1C
350002AC  E5DBB000		ldrb r11, [r11]
350002B0  E35B0000		cmp r11, #0
350002B4  03A0B001		eqmov r11, #1
350002B8  13A0B000		nemov r11, #0
350002BC  E000000B		and r0, r0, r11

#59			AND		ME06 {R:9$10}
(*) BOOL
350002C0  E59FB650		ldr r11, [pc, #+1616] ; 0x3100001D
350002C4  E5DBB000		ldrb r11, [r11]
350002C8  E000000B		and r0, r0, r11

#60			ST		MT10 {R:9$1}
(*) BOOL
350002CC  E59FB648		ldr r11, [pc, #+1608] ; 0x3100001E
350002D0  E5CB0000		strb r0, [r11]

#61		 
#62			(* Network 10 *)
#63			LD		I3 {R:10$8}
(*) UNDEF
350002D4  E59FB5F0		ldr r11, [pc, #+1520] ; 0xAFD1A
350002D8  E5DB0000		ldrb r0, [r11]

#64			AND		ME07 {R:10$6}
(*) BOOL
350002DC  E59FB63C		ldr r11, [pc, #+1596] ; 0x3100001F
350002E0  E5DBB000		ldrb r11, [r11]
350002E4  E000000B		and r0, r0, r11

#65			ST		MT11 {R:10$1}
(*) BOOL
350002E8  E59FB634		ldr r11, [pc, #+1588] ; 0x31000020
350002EC  E5CB0000		strb r0, [r11]

#66		 
#67			(* Network 11 *)
#68			LD		I1 {R:11$8}
(*) UNDEF
350002F0  E59FB5CC		ldr r11, [pc, #+1484] ; 0xAFD18
350002F4  E5DB0000		ldrb r0, [r11]

#69			OR		I2 {R:11$4}
(*) BOOL
350002F8  E59FB5C8		ldr r11, [pc, #+1480] ; 0xAFD19
350002FC  E5DBB000		ldrb r11, [r11]
35000300  E180000B		orr r0, r0, r11

#70			AND		I3 {R:11$6}
(*) BOOL
35000304  E59FB5C0		ldr r11, [pc, #+1472] ; 0xAFD1A
35000308  E5DBB000		ldrb r11, [r11]
3500030C  E000000B		and r0, r0, r11

#71			AND		ME04 {R:11$10}
(*) BOOL
35000310  E59FB5E8		ldr r11, [pc, #+1512] ; 0x31000017
35000314  E5DBB000		ldrb r11, [r11]
35000318  E000000B		and r0, r0, r11

#72			ANDN		MT05 {R:11$12}
(*) BOOL
3500031C  E59FB5E4		ldr r11, [pc, #+1508] ; 0x31000019
35000320  E5DBB000		ldrb r11, [r11]
35000324  E35B0000		cmp r11, #0
35000328  03A0B001		eqmov r11, #1
3500032C  13A0B000		nemov r11, #0
35000330  E000000B		and r0, r0, r11

#73			ST		MT12 {R:11$1}
(*) BOOL
35000334  E59FB5C8		ldr r11, [pc, #+1480] ; 0x31000018
35000338  E5CB0000		strb r0, [r11]

#74		 
#75			(* Network 12 *)
#76			LD		I4 {R:12$8}
(*) UNDEF
3500033C  E59FB58C		ldr r11, [pc, #+1420] ; 0xAFD1B
35000340  E5DB0000		ldrb r0, [r11]

#77			AND		ME10 {R:12$6}
(*) BOOL
35000344  E59FB5DC		ldr r11, [pc, #+1500] ; 0x31000021
35000348  E5DBB000		ldrb r11, [r11]
3500034C  E000000B		and r0, r0, r11

#78			ANDN		MT14 {R:12$10}
(*) BOOL
35000350  E59FB5D4		ldr r11, [pc, #+1492] ; 0x31000022
35000354  E5DBB000		ldrb r11, [r11]
35000358  E35B0000		cmp r11, #0
3500035C  03A0B001		eqmov r11, #1
35000360  13A0B000		nemov r11, #0
35000364  E000000B		and r0, r0, r11

#79			ST		MT13 {R:12$1}
(*) BOOL
35000368  E59FB5C0		ldr r11, [pc, #+1472] ; 0x31000023
3500036C  E5CB0000		strb r0, [r11]

#80		 
#81			(* Network 13 *)
#82			LD		I5 {R:13$8}
(*) UNDEF
35000370  E59FB55C		ldr r11, [pc, #+1372] ; 0xAFD1C
35000374  E5DB0000		ldrb r0, [r11]

#83			OR		I2 {R:13$4}
(*) BOOL
35000378  E59FB548		ldr r11, [pc, #+1352] ; 0xAFD19
3500037C  E5DBB000		ldrb r11, [r11]
35000380  E180000B		orr r0, r0, r11

#84			AND		ME10 {R:13$6}
(*) BOOL
35000384  E59FB59C		ldr r11, [pc, #+1436] ; 0x31000021
35000388  E5DBB000		ldrb r11, [r11]
3500038C  E000000B		and r0, r0, r11

#85			ANDN		MT13 {R:13$10}
(*) BOOL
35000390  E59FB598		ldr r11, [pc, #+1432] ; 0x31000023
35000394  E5DBB000		ldrb r11, [r11]
35000398  E35B0000		cmp r11, #0
3500039C  03A0B001		eqmov r11, #1
350003A0  13A0B000		nemov r11, #0
350003A4  E000000B		and r0, r0, r11

#86			ST		MT14 {R:13$1}
(*) BOOL
350003A8  E59FB57C		ldr r11, [pc, #+1404] ; 0x31000022
350003AC  E5CB0000		strb r0, [r11]

#87		 
#88			(* Network 14 *)
#89			LD		I1 {R:14$8}
(*) UNDEF
350003B0  E59FB50C		ldr r11, [pc, #+1292] ; 0xAFD18
350003B4  E5DB0000		ldrb r0, [r11]

#90			OR		I2 {R:14$4}
(*) BOOL
350003B8  E59FB508		ldr r11, [pc, #+1288] ; 0xAFD19
350003BC  E5DBB000		ldrb r11, [r11]
350003C0  E180000B		orr r0, r0, r11

#91			ANDN		I5 {R:14$6}
(*) BOOL
350003C4  E59FB508		ldr r11, [pc, #+1288] ; 0xAFD1C
350003C8  E5DBB000		ldrb r11, [r11]
350003CC  E35B0000		cmp r11, #0
350003D0  03A0B001		eqmov r11, #1
350003D4  13A0B000		nemov r11, #0
350003D8  E000000B		and r0, r0, r11

#92			AND		ME11 {R:14$10}
(*) BOOL
350003DC  E59FB550		ldr r11, [pc, #+1360] ; 0x31000024
350003E0  E5DBB000		ldrb r11, [r11]
350003E4  E000000B		and r0, r0, r11

#93			ST		MT15 {R:14$1}
(*) BOOL
350003E8  E59FB548		ldr r11, [pc, #+1352] ; 0x31000025
350003EC  E5CB0000		strb r0, [r11]

#94		 
#95			(* Network 15 *)
#96			LD		I4 {R:15$8}
(*) UNDEF
350003F0  E59FB4D8		ldr r11, [pc, #+1240] ; 0xAFD1B
350003F4  E5DB0000		ldrb r0, [r11]

#97			OR		I2 {R:15$4}
(*) BOOL
350003F8  E59FB4C8		ldr r11, [pc, #+1224] ; 0xAFD19
350003FC  E5DBB000		ldrb r11, [r11]
35000400  E180000B		orr r0, r0, r11

#98			AND		ME00 {R:15$6}
(*) BOOL
35000404  E59FB4D0		ldr r11, [pc, #+1232] ; 0x3100000E
35000408  E5DBB000		ldrb r11, [r11]
3500040C  E000000B		and r0, r0, r11

#99			AND		ME12 {R:15$10}
(*) BOOL
35000410  E59FB524		ldr r11, [pc, #+1316] ; 0x31000026
35000414  E5DBB000		ldrb r11, [r11]
35000418  E000000B		and r0, r0, r11

#100			ST		MT16 {R:15$1}
(*) BOOL
3500041C  E59FB51C		ldr r11, [pc, #+1308] ; 0x31000027
35000420  E5CB0000		strb r0, [r11]

#101		 
#102			(* Network 16 *)
#103			LDN		ME01 {R:16$47}
(*) UNDEF
35000424  E59FB4B8		ldr r11, [pc, #+1208] ; 0x31000010
35000428  E5DB0000		ldrb r0, [r11]
3500042C  E3500000		cmp r0, #0
35000430  03A00001		eqmov r0, #1
35000434  13A00000		nemov r0, #0

#104			ANDN		ME02 {R:16$46}
(*) BOOL
35000438  E59FB4B0		ldr r11, [pc, #+1200] ; 0x31000013
3500043C  E5DBB000		ldrb r11, [r11]
35000440  E35B0000		cmp r11, #0
35000444  03A0B001		eqmov r11, #1
35000448  13A0B000		nemov r11, #0
3500044C  E000000B		and r0, r0, r11

#105			ANDN		ME03 {R:16$45}
(*) BOOL
35000450  E59FB4A0		ldr r11, [pc, #+1184] ; 0x31000015
35000454  E5DBB000		ldrb r11, [r11]
35000458  E35B0000		cmp r11, #0
3500045C  03A0B001		eqmov r11, #1
35000460  13A0B000		nemov r11, #0
35000464  E000000B		and r0, r0, r11

#106			ANDN		ME04 {R:16$42}
(*) BOOL
35000468  E59FB490		ldr r11, [pc, #+1168] ; 0x31000017
3500046C  E5DBB000		ldrb r11, [r11]
35000470  E35B0000		cmp r11, #0
35000474  03A0B001		eqmov r11, #1
35000478  13A0B000		nemov r11, #0
3500047C  E000000B		and r0, r0, r11

#107			ANDN		ME05 {R:16$41}
(*) BOOL
35000480  E59FB484		ldr r11, [pc, #+1156] ; 0x3100001A
35000484  E5DBB000		ldrb r11, [r11]
35000488  E35B0000		cmp r11, #0
3500048C  03A0B001		eqmov r11, #1
35000490  13A0B000		nemov r11, #0
35000494  E000000B		and r0, r0, r11

#108			ANDN		ME06 {R:16$40}
(*) BOOL
35000498  E59FB478		ldr r11, [pc, #+1144] ; 0x3100001D
3500049C  E5DBB000		ldrb r11, [r11]
350004A0  E35B0000		cmp r11, #0
350004A4  03A0B001		eqmov r11, #1
350004A8  13A0B000		nemov r11, #0
350004AC  E000000B		and r0, r0, r11

#109			ANDN		ME07 {R:16$20}
(*) BOOL
350004B0  E59FB468		ldr r11, [pc, #+1128] ; 0x3100001F
350004B4  E5DBB000		ldrb r11, [r11]
350004B8  E35B0000		cmp r11, #0
350004BC  03A0B001		eqmov r11, #1
350004C0  13A0B000		nemov r11, #0
350004C4  E000000B		and r0, r0, r11

#110			ANDN		ME10 {R:16$19}
(*) BOOL
350004C8  E59FB458		ldr r11, [pc, #+1112] ; 0x31000021
350004CC  E5DBB000		ldrb r11, [r11]
350004D0  E35B0000		cmp r11, #0
350004D4  03A0B001		eqmov r11, #1
350004D8  13A0B000		nemov r11, #0
350004DC  E000000B		and r0, r0, r11

#111			ANDN		ME11 {R:16$18}
(*) BOOL
350004E0  E59FB44C		ldr r11, [pc, #+1100] ; 0x31000024
350004E4  E5DBB000		ldrb r11, [r11]
350004E8  E35B0000		cmp r11, #0
350004EC  03A0B001		eqmov r11, #1
350004F0  13A0B000		nemov r11, #0
350004F4  E000000B		and r0, r0, r11

#112			ANDN		ME12 {R:16$14}
(*) BOOL
350004F8  E59FB43C		ldr r11, [pc, #+1084] ; 0x31000026
350004FC  E5DBB000		ldrb r11, [r11]
35000500  E35B0000		cmp r11, #0
35000504  03A0B001		eqmov r11, #1
35000508  13A0B000		nemov r11, #0
3500050C  E000000B		and r0, r0, r11

#113			OR(		ME05 {R:16$24}
(*) BOOL
35000510  E24DD008		sub sp, sp, #8
35000514  E58D0000		str r0, [sp]
35000518  E59FB3EC		ldr r11, [pc, #+1004] ; 0x3100001A
3500051C  E5DB0000		ldrb r0, [r11]

#114			AND		MT06 {R:16$30}
(*) BOOL
35000520  E59FB3EC		ldr r11, [pc, #+1004] ; 0x3100001C
35000524  E5DBB000		ldrb r11, [r11]
35000528  E000000B		and r0, r0, r11

#115			ANDN		ME06 {R:16$28}
(*) BOOL
3500052C  E59FB3E4		ldr r11, [pc, #+996] ; 0x3100001D
35000530  E5DBB000		ldrb r11, [r11]
35000534  E35B0000		cmp r11, #0
35000538  03A0B001		eqmov r11, #1
3500053C  13A0B000		nemov r11, #0
35000540  E000000B		and r0, r0, r11

#116			)
#117			OR(		ME07 {R:16$26}
(*) BOOL
35000544  E1A0B000		mov r11, r0
35000548  E59D0000		ldr r0, [sp]
3500054C  E28DD008		add sp, sp, #8
35000550  E180000B		orr r0, r0, r11

(*) BOOL
35000554  E24DD008		sub sp, sp, #8
35000558  E58D0000		str r0, [sp]
3500055C  E59FB3BC		ldr r11, [pc, #+956] ; 0x3100001F
35000560  E5DB0000		ldrb r0, [r11]

#118			AND		MT11 {R:16$33}
(*) BOOL
35000564  E59FB3B8		ldr r11, [pc, #+952] ; 0x31000020
35000568  E5DBB000		ldrb r11, [r11]
3500056C  E000000B		and r0, r0, r11

#119			)
#120			OR(		ME10 {R:16$27}
(*) BOOL
35000570  E1A0B000		mov r11, r0
35000574  E59D0000		ldr r0, [sp]
35000578  E28DD008		add sp, sp, #8
3500057C  E180000B		orr r0, r0, r11

(*) BOOL
35000580  E24DD008		sub sp, sp, #8
35000584  E58D0000		str r0, [sp]
35000588  E59FB398		ldr r11, [pc, #+920] ; 0x31000021
3500058C  E5DB0000		ldrb r0, [r11]

#121			AND		MT13 {R:16$36}
(*) BOOL
35000590  E59FB398		ldr r11, [pc, #+920] ; 0x31000023
35000594  E5DBB000		ldrb r11, [r11]
35000598  E000000B		and r0, r0, r11

#122			ANDN		ME11 {R:16$34}
(*) BOOL
3500059C  E59FB390		ldr r11, [pc, #+912] ; 0x31000024
350005A0  E5DBB000		ldrb r11, [r11]
350005A4  E35B0000		cmp r11, #0
350005A8  03A0B001		eqmov r11, #1
350005AC  13A0B000		nemov r11, #0
350005B0  E000000B		and r0, r0, r11

#123			)
#124			OR(		ME12 {R:16$4}
(*) BOOL
350005B4  E1A0B000		mov r11, r0
350005B8  E59D0000		ldr r0, [sp]
350005BC  E28DD008		add sp, sp, #8
350005C0  E180000B		orr r0, r0, r11

(*) BOOL
350005C4  E24DD008		sub sp, sp, #8
350005C8  E58D0000		str r0, [sp]
350005CC  E59FB368		ldr r11, [pc, #+872] ; 0x31000026
350005D0  E5DB0000		ldrb r0, [r11]

#125			AND		MT16 {R:16$39}
(*) BOOL
350005D4  E59FB364		ldr r11, [pc, #+868] ; 0x31000027
350005D8  E5DBB000		ldrb r11, [r11]
350005DC  E000000B		and r0, r0, r11

#126			)
#127			S		ME00 {R:16$1}
(*) BOOL
350005E0  E1A0B000		mov r11, r0
350005E4  E59D0000		ldr r0, [sp]
350005E8  E28DD008		add sp, sp, #8
350005EC  E180000B		orr r0, r0, r11

(*) BOOL
350005F0  E3500000		cmp r0, #0
350005F4  0A000006		beq #0x000018
350005F8  E24DD008		sub sp, sp, #8
350005FC  E58D0000		str r0, [sp]
35000600  E3A00001		mov r0, #1
35000604  E59FB2D0		ldr r11, [pc, #+720] ; 0x3100000E
35000608  E5CB0000		strb r0, [r11]
3500060C  E59D0000		ldr r0, [sp]
35000610  E28DD008		add sp, sp, #8

#128			R		ME05 {R:16$13}
(*) BOOL
35000614  E3500000		cmp r0, #0
35000618  0A000006		beq #0x000018
3500061C  E24DD008		sub sp, sp, #8
35000620  E58D0000		str r0, [sp]
35000624  E3A00000		mov r0, #0
35000628  E59FB2DC		ldr r11, [pc, #+732] ; 0x3100001A
3500062C  E5CB0000		strb r0, [r11]
35000630  E59D0000		ldr r0, [sp]
35000634  E28DD008		add sp, sp, #8

#129			R		ME07 {R:16$48}
(*) BOOL
35000638  E3500000		cmp r0, #0
3500063C  0A000006		beq #0x000018
35000640  E24DD008		sub sp, sp, #8
35000644  E58D0000		str r0, [sp]
35000648  E3A00000		mov r0, #0
3500064C  E59FB2CC		ldr r11, [pc, #+716] ; 0x3100001F
35000650  E5CB0000		strb r0, [r11]
35000654  E59D0000		ldr r0, [sp]
35000658  E28DD008		add sp, sp, #8

#130			R		ME10 {R:16$49}
(*) BOOL
3500065C  E3500000		cmp r0, #0
35000660  0A000006		beq #0x000018
35000664  E24DD008		sub sp, sp, #8
35000668  E58D0000		str r0, [sp]
3500066C  E3A00000		mov r0, #0
35000670  E59FB2B0		ldr r11, [pc, #+688] ; 0x31000021
35000674  E5CB0000		strb r0, [r11]
35000678  E59D0000		ldr r0, [sp]
3500067C  E28DD008		add sp, sp, #8

#131			R		ME12 {R:16$50}
(*) BOOL
35000680  E3500000		cmp r0, #0
35000684  0A000006		beq #0x000018
35000688  E24DD008		sub sp, sp, #8
3500068C  E58D0000		str r0, [sp]
35000690  E3A00000		mov r0, #0
35000694  E59FB2A0		ldr r11, [pc, #+672] ; 0x31000026
35000698  E5CB0000		strb r0, [r11]
3500069C  E59D0000		ldr r0, [sp]
350006A0  E28DD008		add sp, sp, #8

#132		 
#133			(* Network 17 *)
#134			LD		ME00 {R:17$0}
(*) UNDEF
350006A4  E59FB230		ldr r11, [pc, #+560] ; 0x3100000E
350006A8  E5DB0000		ldrb r0, [r11]

#135			AND		MT00 {R:17$2}
(*) BOOL
350006AC  E59FB22C		ldr r11, [pc, #+556] ; 0x3100000F
350006B0  E5DBB000		ldrb r11, [r11]
350006B4  E000000B		and r0, r0, r11

#136			S		ME01 {R:17$1}
(*) BOOL
350006B8  E3500000		cmp r0, #0
350006BC  0A000006		beq #0x000018
350006C0  E24DD008		sub sp, sp, #8
350006C4  E58D0000		str r0, [sp]
350006C8  E3A00001		mov r0, #1
350006CC  E59FB210		ldr r11, [pc, #+528] ; 0x31000010
350006D0  E5CB0000		strb r0, [r11]
350006D4  E59D0000		ldr r0, [sp]
350006D8  E28DD008		add sp, sp, #8

#137			R		ME00 {R:17$4}
(*) BOOL
350006DC  E3500000		cmp r0, #0
350006E0  0A000006		beq #0x000018
350006E4  E24DD008		sub sp, sp, #8
350006E8  E58D0000		str r0, [sp]
350006EC  E3A00000		mov r0, #0
350006F0  E59FB1E4		ldr r11, [pc, #+484] ; 0x3100000E
350006F4  E5CB0000		strb r0, [r11]
350006F8  E59D0000		ldr r0, [sp]
350006FC  E28DD008		add sp, sp, #8

#138		 
#139			(* Network 18 *)
#140			LD		ME01 {R:18$0}
(*) UNDEF
35000700  E59FB1DC		ldr r11, [pc, #+476] ; 0x31000010
35000704  E5DB0000		ldrb r0, [r11]

#141			AND		MT01 {R:18$2}
(*) BOOL
35000708  E59FB1DC		ldr r11, [pc, #+476] ; 0x31000012
3500070C  E5DBB000		ldrb r11, [r11]
35000710  E000000B		and r0, r0, r11

#142			ANDN		ME03 {R:18$5}
(*) BOOL
35000714  E59FB1DC		ldr r11, [pc, #+476] ; 0x31000015
35000718  E5DBB000		ldrb r11, [r11]
3500071C  E35B0000		cmp r11, #0
35000720  03A0B001		eqmov r11, #1
35000724  13A0B000		nemov r11, #0
35000728  E000000B		and r0, r0, r11

#143			S		ME02 {R:18$1}
(*) BOOL
3500072C  E3500000		cmp r0, #0
35000730  0A000006		beq #0x000018
35000734  E24DD008		sub sp, sp, #8
35000738  E58D0000		str r0, [sp]
3500073C  E3A00001		mov r0, #1
35000740  E59FB1A8		ldr r11, [pc, #+424] ; 0x31000013
35000744  E5CB0000		strb r0, [r11]
35000748  E59D0000		ldr r0, [sp]
3500074C  E28DD008		add sp, sp, #8

#144			R		ME01 {R:18$4}
(*) BOOL
35000750  E3500000		cmp r0, #0
35000754  0A000006		beq #0x000018
35000758  E24DD008		sub sp, sp, #8
3500075C  E58D0000		str r0, [sp]
35000760  E3A00000		mov r0, #0
35000764  E59FB178		ldr r11, [pc, #+376] ; 0x31000010
35000768  E5CB0000		strb r0, [r11]
3500076C  E59D0000		ldr r0, [sp]
35000770  E28DD008		add sp, sp, #8

#145		 
#146			(* Network 19 *)
#147			LD		ME01 {R:19$0}
(*) UNDEF
35000774  E59FB168		ldr r11, [pc, #+360] ; 0x31000010
35000778  E5DB0000		ldrb r0, [r11]

#148			AND		MT02 {R:19$2}
(*) BOOL
3500077C  E59FB164		ldr r11, [pc, #+356] ; 0x31000011
35000780  E5DBB000		ldrb r11, [r11]
35000784  E000000B		and r0, r0, r11

#149			ANDN		ME02 {R:19$5}
(*) BOOL
35000788  E59FB160		ldr r11, [pc, #+352] ; 0x31000013
3500078C  E5DBB000		ldrb r11, [r11]
35000790  E35B0000		cmp r11, #0
35000794  03A0B001		eqmov r11, #1
35000798  13A0B000		nemov r11, #0
3500079C  E000000B		and r0, r0, r11

#150			S		ME03 {R:19$1}
(*) BOOL
350007A0  E3500000		cmp r0, #0
350007A4  0A000006		beq #0x000018
350007A8  E24DD008		sub sp, sp, #8
350007AC  E58D0000		str r0, [sp]
350007B0  E3A00001		mov r0, #1
350007B4  E59FB13C		ldr r11, [pc, #+316] ; 0x31000015
350007B8  E5CB0000		strb r0, [r11]
350007BC  E59D0000		ldr r0, [sp]
350007C0  E28DD008		add sp, sp, #8

#151			R		ME01 {R:19$4}
(*) BOOL
350007C4  E3500000		cmp r0, #0
350007C8  0A000006		beq #0x000018
350007CC  E24DD008		sub sp, sp, #8
350007D0  E58D0000		str r0, [sp]
350007D4  E3A00000		mov r0, #0
350007D8  E59FB104		ldr r11, [pc, #+260] ; 0x31000010
350007DC  E5CB0000		strb r0, [r11]
350007E0  E59D0000		ldr r0, [sp]
350007E4  E28DD008		add sp, sp, #8

#152		 
#153			(* Network 20 *)
#154			LD		ME02 {R:20$5}
(*) UNDEF
350007E8  E59FB100		ldr r11, [pc, #+256] ; 0x31000013
350007EC  E5DB0000		ldrb r0, [r11]

#155			AND		MT03 {R:20$7}
(*) BOOL
350007F0  E59FB0FC		ldr r11, [pc, #+252] ; 0x31000014
350007F4  E5DBB000		ldrb r11, [r11]
350007F8  E000000B		and r0, r0, r11

#156			OR(		ME03 {R:20$0}
(*) BOOL
350007FC  E24DD008		sub sp, sp, #8
35000800  E58D0000		str r0, [sp]
35000804  E59FB0EC		ldr r11, [pc, #+236] ; 0x31000015
35000808  E5DB0000		ldrb r0, [r11]

#157			AND		MT04 {R:20$9}
(*) BOOL
3500080C  E59FB0E8		ldr r11, [pc, #+232] ; 0x31000016
35000810  E5DBB000		ldrb r11, [r11]
35000814  E000000B		and r0, r0, r11

#158			)
#159			S		ME04 {R:20$1}
(*) BOOL
35000818  E1A0B000		mov r11, r0
3500081C  E59D0000		ldr r0, [sp]
35000820  E28DD008		add sp, sp, #8
35000824  E180000B		orr r0, r0, r11

(*) BOOL
35000828  E3500000		cmp r0, #0
3500082C  0A000006		beq #0x000018
35000830  E24DD008		sub sp, sp, #8
35000834  E58D0000		str r0, [sp]
35000838  E3A00001		mov r0, #1
3500083C  E59FB0BC		ldr r11, [pc, #+188] ; 0x31000017
35000840  E5CB0000		strb r0, [r11]
35000844  E59D0000		ldr r0, [sp]
35000848  E28DD008		add sp, sp, #8

#160			R		ME02 {R:20$4}
(*) BOOL
3500084C  E3500000		cmp r0, #0
35000850  0A000006		beq #0x000018
35000854  E24DD008		sub sp, sp, #8
35000858  E58D0000		str r0, [sp]
3500085C  E3A00000		mov r0, #0
35000860  E59FB088		ldr r11, [pc, #+136] ; 0x31000013
35000864  E5CB0000		strb r0, [r11]
35000868  E59D0000		ldr r0, [sp]
3500086C  E28DD008		add sp, sp, #8

#161			R		ME03 {R:20$11}
(*) BOOL
35000870  E3500000		cmp r0, #0
35000874  0A000006		beq #0x000018
35000878  E24DD008		sub sp, sp, #8
3500087C  E58D0000		str r0, [sp]
35000880  E3A00000		mov r0, #0
35000884  E59FB06C		ldr r11, [pc, #+108] ; 0x31000015
35000888  E5CB0000		strb r0, [r11]
3500088C  E59D0000		ldr r0, [sp]
35000890  E28DD008		add sp, sp, #8

#162		 
#163			(* Network 21 *)
#164			LD		ME04 {R:21$0}
(*) UNDEF
35000894  E59FB064		ldr r11, [pc, #+100] ; 0x31000017
35000898  E5DB0000		ldrb r0, [r11]

#165			AND		MT05 {R:21$2}
(*) BOOL
3500089C  E59FB064		ldr r11, [pc, #+100] ; 0x31000019
350008A0  E5DBB000		ldrb r11, [r11]
350008A4  E000000B		and r0, r0, r11

#166			ANDN		ME10 {R:21$5}
(*) BOOL
350008A8  E59FB078		ldr r11, [pc, #+120] ; 0x31000021
350008AC  E5DBB000		ldrb r11, [r11]
350008B0  E35B0000		cmp r11, #0
350008B4  03A0B001		eqmov r11, #1
350008B8  13A0B000		nemov r11, #0
350008BC  E000000B		and r0, r0, r11

350008C0  EA00001F		b #124

350008C4  FFFFFFFF		; 0x000AFD18
350008C8  FFFFFFFF		; 0x000AFD19
350008CC  FFFFFFFF		; 0x000AFD1A
350008D0  FFFFFFFF		; 0x000AFD1B
350008D4  FFFFFFFF		; 0x000AFD1C
350008D8  FFFFFFFF		; 0x000AFD1D
350008DC  3100000E		; 0x3100000E
350008E0  3100000F		; 0x3100000F
350008E4  31000010		; 0x31000010
350008E8  31000011		; 0x31000011
350008EC  31000012		; 0x31000012
350008F0  31000013		; 0x31000013
350008F4  31000014		; 0x31000014
350008F8  31000015		; 0x31000015
350008FC  31000016		; 0x31000016
35000900  31000017		; 0x31000017
35000904  31000018		; 0x31000018
35000908  31000019		; 0x31000019
3500090C  3100001A		; 0x3100001A
35000910  3100001B		; 0x3100001B
35000914  3100001C		; 0x3100001C
35000918  3100001D		; 0x3100001D
3500091C  3100001E		; 0x3100001E
35000920  3100001F		; 0x3100001F
35000924  31000020		; 0x31000020
35000928  31000021		; 0x31000021
3500092C  31000022		; 0x31000022
35000930  31000023		; 0x31000023
35000934  31000024		; 0x31000024
35000938  31000025		; 0x31000025
3500093C  31000026		; 0x31000026
35000940  31000027		; 0x31000027

#167			S		ME05 {R:21$1}
(*) BOOL
35000944  E3500000		cmp r0, #0
35000948  0A000006		beq #0x000018
3500094C  E24DD008		sub sp, sp, #8
35000950  E58D0000		str r0, [sp]
35000954  E3A00001		mov r0, #1
35000958  E51FB054		ldr r11, [pc, #-84] ; 0x3100001A
3500095C  E5CB0000		strb r0, [r11]
35000960  E59D0000		ldr r0, [sp]
35000964  E28DD008		add sp, sp, #8

#168			R		ME04 {R:21$4}
(*) BOOL
35000968  E3500000		cmp r0, #0
3500096C  0A000006		beq #0x000018
35000970  E24DD008		sub sp, sp, #8
35000974  E58D0000		str r0, [sp]
35000978  E3A00000		mov r0, #0
3500097C  E51FB084		ldr r11, [pc, #-132] ; 0x31000017
35000980  E5CB0000		strb r0, [r11]
35000984  E59D0000		ldr r0, [sp]
35000988  E28DD008		add sp, sp, #8

#169		 
#170			(* Network 22 *)
#171			LD		ME05 {R:22$0}
(*) UNDEF
3500098C  E51FB088		ldr r11, [pc, #-136] ; 0x3100001A
35000990  E5DB0000		ldrb r0, [r11]

#172			AND		MT07 {R:22$2}
(*) BOOL
35000994  E51FB08C		ldr r11, [pc, #-140] ; 0x3100001B
35000998  E5DBB000		ldrb r11, [r11]
3500099C  E000000B		and r0, r0, r11

#173			ANDN		ME00 {R:22$5}
(*) BOOL
350009A0  E51FB0CC		ldr r11, [pc, #-204] ; 0x3100000E
350009A4  E5DBB000		ldrb r11, [r11]
350009A8  E35B0000		cmp r11, #0
350009AC  03A0B001		eqmov r11, #1
350009B0  13A0B000		nemov r11, #0
350009B4  E000000B		and r0, r0, r11

#174			S		ME06 {R:22$1}
(*) BOOL
350009B8  E3500000		cmp r0, #0
350009BC  0A000006		beq #0x000018
350009C0  E24DD008		sub sp, sp, #8
350009C4  E58D0000		str r0, [sp]
350009C8  E3A00001		mov r0, #1
350009CC  E51FB0BC		ldr r11, [pc, #-188] ; 0x3100001D
350009D0  E5CB0000		strb r0, [r11]
350009D4  E59D0000		ldr r0, [sp]
350009D8  E28DD008		add sp, sp, #8

#175			R		ME05 {R:22$4}
(*) BOOL
350009DC  E3500000		cmp r0, #0
350009E0  0A000006		beq #0x000018
350009E4  E24DD008		sub sp, sp, #8
350009E8  E58D0000		str r0, [sp]
350009EC  E3A00000		mov r0, #0
350009F0  E51FB0EC		ldr r11, [pc, #-236] ; 0x3100001A
350009F4  E5CB0000		strb r0, [r11]
350009F8  E59D0000		ldr r0, [sp]
350009FC  E28DD008		add sp, sp, #8

#176		 
#177			(* Network 23 *)
#178			LD		ME06 {R:23$0}
(*) UNDEF
35000A00  E51FB0F0		ldr r11, [pc, #-240] ; 0x3100001D
35000A04  E5DB0000		ldrb r0, [r11]

#179			AND		MT10 {R:23$2}
(*) BOOL
35000A08  E51FB0F4		ldr r11, [pc, #-244] ; 0x3100001E
35000A0C  E5DBB000		ldrb r11, [r11]
35000A10  E000000B		and r0, r0, r11

#180			S		ME07 {R:23$1}
(*) BOOL
35000A14  E3500000		cmp r0, #0
35000A18  0A000006		beq #0x000018
35000A1C  E24DD008		sub sp, sp, #8
35000A20  E58D0000		str r0, [sp]
35000A24  E3A00001		mov r0, #1
35000A28  E51FB110		ldr r11, [pc, #-272] ; 0x3100001F
35000A2C  E5CB0000		strb r0, [r11]
35000A30  E59D0000		ldr r0, [sp]
35000A34  E28DD008		add sp, sp, #8

#181			R		ME06 {R:23$4}
(*) BOOL
35000A38  E3500000		cmp r0, #0
35000A3C  0A000006		beq #0x000018
35000A40  E24DD008		sub sp, sp, #8
35000A44  E58D0000		str r0, [sp]
35000A48  E3A00000		mov r0, #0
35000A4C  E51FB13C		ldr r11, [pc, #-316] ; 0x3100001D
35000A50  E5CB0000		strb r0, [r11]
35000A54  E59D0000		ldr r0, [sp]
35000A58  E28DD008		add sp, sp, #8

#182		 
#183			(* Network 24 *)
#184			LD		ME04 {R:24$0}
(*) UNDEF
35000A5C  E51FB164		ldr r11, [pc, #-356] ; 0x31000017
35000A60  E5DB0000		ldrb r0, [r11]

#185			AND		MT12 {R:24$2}
(*) BOOL
35000A64  E51FB168		ldr r11, [pc, #-360] ; 0x31000018
35000A68  E5DBB000		ldrb r11, [r11]
35000A6C  E000000B		and r0, r0, r11

#186			ANDN		ME05 {R:24$5}
(*) BOOL
35000A70  E51FB16C		ldr r11, [pc, #-364] ; 0x3100001A
35000A74  E5DBB000		ldrb r11, [r11]
35000A78  E35B0000		cmp r11, #0
35000A7C  03A0B001		eqmov r11, #1
35000A80  13A0B000		nemov r11, #0
35000A84  E000000B		and r0, r0, r11

#187			S		ME10 {R:24$1}
(*) BOOL
35000A88  E3500000		cmp r0, #0
35000A8C  0A000006		beq #0x000018
35000A90  E24DD008		sub sp, sp, #8
35000A94  E58D0000		str r0, [sp]
35000A98  E3A00001		mov r0, #1
35000A9C  E51FB17C		ldr r11, [pc, #-380] ; 0x31000021
35000AA0  E5CB0000		strb r0, [r11]
35000AA4  E59D0000		ldr r0, [sp]
35000AA8  E28DD008		add sp, sp, #8

#188			R		ME04 {R:24$4}
(*) BOOL
35000AAC  E3500000		cmp r0, #0
35000AB0  0A000006		beq #0x000018
35000AB4  E24DD008		sub sp, sp, #8
35000AB8  E58D0000		str r0, [sp]
35000ABC  E3A00000		mov r0, #0
35000AC0  E51FB1C8		ldr r11, [pc, #-456] ; 0x31000017
35000AC4  E5CB0000		strb r0, [r11]
35000AC8  E59D0000		ldr r0, [sp]
35000ACC  E28DD008		add sp, sp, #8

#189		 
#190			(* Network 25 *)
#191			LD		ME10 {R:25$0}
(*) UNDEF
35000AD0  E51FB1B0		ldr r11, [pc, #-432] ; 0x31000021
35000AD4  E5DB0000		ldrb r0, [r11]

#192			AND		MT14 {R:25$2}
(*) BOOL
35000AD8  E51FB1B4		ldr r11, [pc, #-436] ; 0x31000022
35000ADC  E5DBB000		ldrb r11, [r11]
35000AE0  E000000B		and r0, r0, r11

#193			ANDN		ME00 {R:25$5}
(*) BOOL
35000AE4  E51FB210		ldr r11, [pc, #-528] ; 0x3100000E
35000AE8  E5DBB000		ldrb r11, [r11]
35000AEC  E35B0000		cmp r11, #0
35000AF0  03A0B001		eqmov r11, #1
35000AF4  13A0B000		nemov r11, #0
35000AF8  E000000B		and r0, r0, r11

#194			S		ME11 {R:25$1}
(*) BOOL
35000AFC  E3500000		cmp r0, #0
35000B00  0A000006		beq #0x000018
35000B04  E24DD008		sub sp, sp, #8
35000B08  E58D0000		str r0, [sp]
35000B0C  E3A00001		mov r0, #1
35000B10  E51FB1E4		ldr r11, [pc, #-484] ; 0x31000024
35000B14  E5CB0000		strb r0, [r11]
35000B18  E59D0000		ldr r0, [sp]
35000B1C  E28DD008		add sp, sp, #8

#195			R		ME10 {R:25$4}
(*) BOOL
35000B20  E3500000		cmp r0, #0
35000B24  0A000006		beq #0x000018
35000B28  E24DD008		sub sp, sp, #8
35000B2C  E58D0000		str r0, [sp]
35000B30  E3A00000		mov r0, #0
35000B34  E51FB214		ldr r11, [pc, #-532] ; 0x31000021
35000B38  E5CB0000		strb r0, [r11]
35000B3C  E59D0000		ldr r0, [sp]
35000B40  E28DD008		add sp, sp, #8

#196		 
#197			(* Network 26 *)
#198			LD		ME11 {R:26$0}
(*) UNDEF
35000B44  E51FB218		ldr r11, [pc, #-536] ; 0x31000024
35000B48  E5DB0000		ldrb r0, [r11]

#199			AND		MT15 {R:26$2}
(*) BOOL
35000B4C  E51FB21C		ldr r11, [pc, #-540] ; 0x31000025
35000B50  E5DBB000		ldrb r11, [r11]
35000B54  E000000B		and r0, r0, r11

#200			S		ME12 {R:26$1}
(*) BOOL
35000B58  E3500000		cmp r0, #0
35000B5C  0A000006		beq #0x000018
35000B60  E24DD008		sub sp, sp, #8
35000B64  E58D0000		str r0, [sp]
35000B68  E3A00001		mov r0, #1
35000B6C  E51FB238		ldr r11, [pc, #-568] ; 0x31000026
35000B70  E5CB0000		strb r0, [r11]
35000B74  E59D0000		ldr r0, [sp]
35000B78  E28DD008		add sp, sp, #8

#201			R		ME11 {R:26$4}
(*) BOOL
35000B7C  E3500000		cmp r0, #0
35000B80  0A000006		beq #0x000018
35000B84  E24DD008		sub sp, sp, #8
35000B88  E58D0000		str r0, [sp]
35000B8C  E3A00000		mov r0, #0
35000B90  E51FB264		ldr r11, [pc, #-612] ; 0x31000024
35000B94  E5CB0000		strb r0, [r11]
35000B98  E59D0000		ldr r0, [sp]
35000B9C  E28DD008		add sp, sp, #8

#202		 
#203			(* Network 27 *)
#204			LD		ME00 {R:27$2}
(*) UNDEF
35000BA0  E51FB2CC		ldr r11, [pc, #-716] ; 0x3100000E
35000BA4  E5DB0000		ldrb r0, [r11]

#205			OR		ME10 {R:27$4}
(*) BOOL
35000BA8  E51FB288		ldr r11, [pc, #-648] ; 0x31000021
35000BAC  E5DBB000		ldrb r11, [r11]
35000BB0  E180000B		orr r0, r0, r11

#206			OR		ME12 {R:27$0}
(*) BOOL
35000BB4  E51FB280		ldr r11, [pc, #-640] ; 0x31000026
35000BB8  E5DBB000		ldrb r11, [r11]
35000BBC  E180000B		orr r0, r0, r11

#207			ST		Q1 {R:27$1}
(*) BOOL
35000BC0  E59FB058		ldr r11, [pc, #+88] ; 0xAFD58
35000BC4  E5CB0000		strb r0, [r11]

#208		 
#209			(* Network 28 *)
#210			LD		ME05 {R:28$2}
(*) UNDEF
35000BC8  E51FB2C4		ldr r11, [pc, #-708] ; 0x3100001A
35000BCC  E5DB0000		ldrb r0, [r11]

#211			OR		ME07 {R:28$0}
(*) BOOL
35000BD0  E51FB2B8		ldr r11, [pc, #-696] ; 0x3100001F
35000BD4  E5DBB000		ldrb r11, [r11]
35000BD8  E180000B		orr r0, r0, r11

#212			ST		Q2 {R:28$1}
(*) BOOL
35000BDC  E59FB040		ldr r11, [pc, #+64] ; 0xAFD59
35000BE0  E5CB0000		strb r0, [r11]

#213		 
#214			(* Network 29 *)
#215			LD		ME06 {R:29$2}
(*) UNDEF
35000BE4  E51FB2D4		ldr r11, [pc, #-724] ; 0x3100001D
35000BE8  E5DB0000		ldrb r0, [r11]

#216			OR		ME11 {R:29$0}
(*) BOOL
35000BEC  E51FB2C0		ldr r11, [pc, #-704] ; 0x31000024
35000BF0  E5DBB000		ldrb r11, [r11]
35000BF4  E180000B		orr r0, r0, r11

#217			ST		Q3 {R:29$1}
(*) BOOL
35000BF8  E59FB028		ldr r11, [pc, #+40] ; 0xAFD5A
35000BFC  E5CB0000		strb r0, [r11]

#218		 
#219			(* Network 30 *)
#220			LD		ME04 {R:30$0}
(*) UNDEF
35000C00  E51FB308		ldr r11, [pc, #-776] ; 0x31000017
35000C04  E5DB0000		ldrb r0, [r11]

#221			ST		Q4 {R:30$1}
(*) BOOL
35000C08  E59FB01C		ldr r11, [pc, #+28] ; 0xAFD5B
35000C0C  E5CB0000		strb r0, [r11]

35000C10  E8BD0FF0		ldmia sp!, { r4, r5, r6, r7, r8, r9, r10, r11 }
35000C14  E59DE000		ldr lr, [sp]
35000C18  E28DD008		add sp, sp, #8

35000C1C  E1A0F00E		mov pc, lr

35000C20  FFFFFFFF		; 0x000AFD58
35000C24  FFFFFFFF		; 0x000AFD59
35000C28  FFFFFFFF		; 0x000AFD5A
35000C2C  FFFFFFFF		; 0x000AFD5B

END_PROGRAM


**************************************************
	Target variable image generation
**************************************************


*** INPUT:
35000C30  E1A0F00E		mov pc, lr


*** OUTPUT:
35000C34  E1A0F00E		mov pc, lr



**************************************************
	Task FAST init code
**************************************************

35000C38  E24DD008		sub sp, sp, #8
35000C3C  E58DE000		str lr, [sp]
35000C40  E92D0FF0		stmdb sp!, { r4, r5, r6, r7, r8, r9, r10, r11 }

35000C44  E8BD0FF0		ldmia sp!, { r4, r5, r6, r7, r8, r9, r10, r11 }
35000C48  E59DE000		ldr lr, [sp]
35000C4C  E28DD008		add sp, sp, #8

35000C50  E1A0F00E		mov pc, lr



**************************************************
	Global init code
**************************************************

35000C60  E24DD008		sub sp, sp, #8
35000C64  E58DE000		str lr, [sp]
35000C68  E92D0FF0		stmdb sp!, { r4, r5, r6, r7, r8, r9, r10, r11 }

35000C6C  E8BD0FF0		ldmia sp!, { r4, r5, r6, r7, r8, r9, r10, r11 }
35000C70  E59DE000		ldr lr, [sp]
35000C74  E28DD008		add sp, sp, #8

35000C78  E1A0F00E		mov pc, lr



**************************************************
	Global RETAIN init code
**************************************************

35000C7C  E24DD008		sub sp, sp, #8
35000C80  E58DE000		str lr, [sp]
35000C84  E92D0FF0		stmdb sp!, { r4, r5, r6, r7, r8, r9, r10, r11 }

35000C88  E8BD0FF0		ldmia sp!, { r4, r5, r6, r7, r8, r9, r10, r11 }
35000C8C  E59DE000		ldr lr, [sp]
35000C90  E28DD008		add sp, sp, #8

35000C94  E1A0F00E		mov pc, lr



********************************************
MEMORY MAP
********************************************

Code area type:			main code
Start code area:		35000000h
End code area:			35000CA0h
Code size:			     CA0h

Start local data area:		31000000h
End local data area:		31000028h
Local data size:		      28h

Start retentive data area:	31040000h
End retentive data area:	31040000h
Retentive data size:		       0h

Start bit data area:		       0h
End bit data area:		       0h
Bit data size:			       0h



********************************************
CODE ID:                                0288C43A
DEBUG MEMO ID:                          3500F0FE
FULL MEMO ID:                           0000C32A
********************************************
